2023-08-27 13:01:40,082 DEBUG [Main.lambda$run$0] Arguments: [-ioc, E:\app\julia\FOC\book23\book23\book23.ioc, -xdm, E:\app\julia\FOC\book23\book23\book23.wb_def]
2023-08-27 13:01:40,097 DEBUG [ArgsValue.readPropertiesFile] [AppConfig] pack.source = "F:\ST\MC_SDK_5.4.8\Middlewares\ST\MotorControl" 
2023-08-27 13:01:40,099 DEBUG [ArgsValue.readPropertiesFile] [UserConfig] do not exist in "C:\Users\huawei\.st_motor_control\wb2mx.properties" 
2023-08-27 13:01:40,100 DEBUG [ArgsValue.getConfigProperties] pack.source = "../../../../Middlewares/ST/MotorControl"
2023-08-27 13:01:40,126 DEBUG [ArgsValue.lambda$retrieve$2] CLI_ARG[xdm]: E:\app\julia\FOC\book23\book23\book23.wb_def
2023-08-27 13:01:40,126 DEBUG [ArgsValue.lambda$retrieve$2] CLI_ARG[ioc]: E:\app\julia\FOC\book23\book23\book23.ioc
2023-08-27 13:01:40,131 DEBUG [ArgsValue.retrieve] {xdm=E:\app\julia\FOC\book23\book23\book23.wb_def, updftl=templates/wb_ioc_mc-middleware.ftl, mx_timeout=-1, exp=templates/wb-defines_where_and_what.txt, ioc=E:\app\julia\FOC\book23\book23\book23.ioc, pack=../../../../Middlewares/ST/MotorControl, ftl=templates/wb_ioc_template.ftl}
2023-08-27 13:01:40,452 DEBUG [Main.run] Targeted MCU family = F1
2023-08-27 13:01:40,555 DEBUG [Main.run] Minimum associated CubeMx to the `F1` targeted MCU family is `4.25.0-a0`
2023-08-27 13:01:40,608 DEBUG [WindowsCubeMxFinder.lambda$findThem$2] Found 64-bit subkey HKEY_LOCAL_MACHINE\~~~\Uninstall\STM32CubeMX
2023-08-27 13:01:40,614 DEBUG [WindowsCubeMxFinder.lambda$findThem$2] Found 64-bit subkey HKEY_LOCAL_MACHINE\~~~\Uninstall\STM32CubeMX(1)
2023-08-27 13:01:40,616 DEBUG [WindowsCubeMxFinder.lambda$findThem$2] Found 64-bit subkey HKEY_LOCAL_MACHINE\~~~\Uninstall\STM32CubeMX(2)
2023-08-27 13:01:40,641 DEBUG [CubeMxCtx.EXE_version] Loaded path: 'E:\app\STMicroelectronics\STM32Cube\STM32CubeMX\STM32CubeMX.exe'
2023-08-27 13:01:40,642 DEBUG [CubeMxCtx.EXE_version] Loaded updater jar: 'E:\app\STMicroelectronics\STM32Cube\STM32CubeMX\plugins\updater.jar'
2023-08-27 13:01:40,667 DEBUG [CubeMxCtx.EXE_version] Loaded path: 'E:\app\STMicroelectronics\STM32Cube\STM32CubeMX650\STM32CubeMX.exe'
2023-08-27 13:01:40,667 DEBUG [CubeMxCtx.EXE_version] Loaded updater jar: 'E:\app\STMicroelectronics\STM32Cube\STM32CubeMX650\plugins\updater.jar'
2023-08-27 13:01:40,687 DEBUG [CubeMxCtx.EXE_version] Loaded path: 'F:\STMicroelectronics\STM32Cube\STM32CubeMX\STM32CubeMX.exe'
2023-08-27 13:01:40,687 DEBUG [CubeMxCtx.EXE_version] Loaded updater jar: 'F:\STMicroelectronics\STM32Cube\STM32CubeMX\plugins\updater.jar'
2023-08-27 13:01:40,747 DEBUG [CubeMxCtx.EXE_version] Loaded path: 'E:\app\STMicroelectronics\STM32Cube\STM32CubeMX\STM32CubeMX.exe'
2023-08-27 13:01:40,747 DEBUG [CubeMxCtx.EXE_version] Loaded updater jar: 'E:\app\STMicroelectronics\STM32Cube\STM32CubeMX\plugins\updater.jar'
2023-08-27 13:01:40,752 DEBUG [CubeMxCtx.EXE_version] Loaded path: 'E:\app\STMicroelectronics\STM32Cube\STM32CubeMX650\STM32CubeMX.exe'
2023-08-27 13:01:40,753 DEBUG [CubeMxCtx.EXE_version] Loaded updater jar: 'E:\app\STMicroelectronics\STM32Cube\STM32CubeMX650\plugins\updater.jar'
2023-08-27 13:01:40,758 DEBUG [CubeMxCtx.EXE_version] Loaded path: 'F:\STMicroelectronics\STM32Cube\STM32CubeMX\STM32CubeMX.exe'
2023-08-27 13:01:40,759 DEBUG [CubeMxCtx.EXE_version] Loaded updater jar: 'F:\STMicroelectronics\STM32Cube\STM32CubeMX\plugins\updater.jar'
2023-08-27 13:01:40,811 DEBUG [CubeMxCtx.EXE_version] Loaded path: 'E:\app\STMicroelectronics\STM32Cube\STM32CubeMX\STM32CubeMX.exe'
2023-08-27 13:01:40,812 DEBUG [CubeMxCtx.EXE_version] Loaded updater jar: 'E:\app\STMicroelectronics\STM32Cube\STM32CubeMX\plugins\updater.jar'
2023-08-27 13:01:40,817 DEBUG [CubeMxCtx.EXE_version] Loaded path: 'E:\app\STMicroelectronics\STM32Cube\STM32CubeMX650\STM32CubeMX.exe'
2023-08-27 13:01:40,818 DEBUG [CubeMxCtx.EXE_version] Loaded updater jar: 'E:\app\STMicroelectronics\STM32Cube\STM32CubeMX650\plugins\updater.jar'
2023-08-27 13:01:40,824 DEBUG [CubeMxCtx.EXE_version] Loaded path: 'F:\STMicroelectronics\STM32Cube\STM32CubeMX\STM32CubeMX.exe'
2023-08-27 13:01:40,824 DEBUG [CubeMxCtx.EXE_version] Loaded updater jar: 'F:\STMicroelectronics\STM32Cube\STM32CubeMX\plugins\updater.jar'
2023-08-27 13:01:56,700 WARN  [Main.lambda$run$0] Aborted by the user
2023-08-27 13:01:56,789 DEBUG [Main.lambda$run$0] System exists with return code 4
